2019-05-22 10:24:06,029 [11] INFO  Common.Logging.Log [(null)] <(null)> -  Demos.Admin.Controllers.HomeController.Index: xxxx
2019-05-22 10:24:06,377 [CountersAggregator #1] DEBUG Hangfire.SqlServer.CountersAggregator [(null)] <(null)> - Records from the 'Counter' table aggregated.
2019-05-22 10:24:06,378 [ExpirationManager #1] DEBUG Hangfire.SqlServer.ExpirationManager [(null)] <(null)> - Outdated records removed from the 'AggregatedCounter' table.
2019-05-22 10:24:06,379 [ExpirationManager #1] DEBUG Hangfire.SqlServer.ExpirationManager [(null)] <(null)> - Removing outdated records from the 'Job' table...
2019-05-22 10:24:06,409 [ExpirationManager #1] DEBUG Hangfire.SqlServer.ExpirationManager [(null)] <(null)> - Outdated records removed from the 'Job' table.
2019-05-22 10:24:06,409 [ExpirationManager #1] DEBUG Hangfire.SqlServer.ExpirationManager [(null)] <(null)> - Removing outdated records from the 'List' table...
2019-05-22 10:24:06,439 [ExpirationManager #1] DEBUG Hangfire.SqlServer.ExpirationManager [(null)] <(null)> - Outdated records removed from the 'List' table.
2019-05-22 10:24:06,439 [ExpirationManager #1] DEBUG Hangfire.SqlServer.ExpirationManager [(null)] <(null)> - Removing outdated records from the 'Set' table...
2019-05-22 10:24:06,456 [ExpirationManager #1] DEBUG Hangfire.SqlServer.ExpirationManager [(null)] <(null)> - Outdated records removed from the 'Set' table.
2019-05-22 10:24:06,461 [ExpirationManager #1] DEBUG Hangfire.SqlServer.ExpirationManager [(null)] <(null)> - Removing outdated records from the 'Hash' table...
2019-05-22 10:24:06,486 [ExpirationManager #1] DEBUG Hangfire.SqlServer.ExpirationManager [(null)] <(null)> - Outdated records removed from the 'Hash' table.
2019-05-22 10:24:06,534 [Worker #5] INFO  Common.Logging.Log [(null)] <(null)> -  System.RuntimeMethodHandle.InvokeMethod: 队列任务
2019-05-22 10:24:06,537 [RecurringJobScheduler #1] DEBUG Hangfire.Server.RecurringJobScheduler [(null)] <(null)> - 1 recurring job(s) enqueued.
2019-05-22 10:24:06,586 [Worker #4] INFO  Common.Logging.Log [(null)] <(null)> -  System.RuntimeMethodHandle.InvokeMethod: 每分钟执行任务
2019-05-22 10:24:10,853 [ServerJobCancellationWatcher #1] DEBUG Hangfire.Server.ServerJobCancellationWatcher [(null)] <(null)> - Checking for aborted jobs...
2019-05-22 10:24:10,854 [ServerJobCancellationWatcher #1] DEBUG Hangfire.Server.ServerJobCancellationWatcher [(null)] <(null)> - No newly aborted jobs found.
2019-05-22 10:24:15,855 [ServerJobCancellationWatcher #1] DEBUG Hangfire.Server.ServerJobCancellationWatcher [(null)] <(null)> - Checking for aborted jobs...
2019-05-22 10:24:15,855 [ServerJobCancellationWatcher #1] DEBUG Hangfire.Server.ServerJobCancellationWatcher [(null)] <(null)> - No newly aborted jobs found.
2019-05-22 10:24:20,855 [ServerJobCancellationWatcher #1] DEBUG Hangfire.Server.ServerJobCancellationWatcher [(null)] <(null)> - Checking for aborted jobs...
2019-05-22 10:24:20,856 [ServerJobCancellationWatcher #1] DEBUG Hangfire.Server.ServerJobCancellationWatcher [(null)] <(null)> - No newly aborted jobs found.
2019-05-22 10:24:21,212 [DelayedJobScheduler #1] DEBUG Hangfire.Server.DelayedJobScheduler [(null)] <(null)> - 1 scheduled job(s) enqueued.
2019-05-22 10:24:21,265 [Worker #4] INFO  Common.Logging.Log [(null)] <(null)> -  System.RuntimeMethodHandle.InvokeMethod: 延时任务
2019-05-22 10:24:25,856 [ServerJobCancellationWatcher #1] DEBUG Hangfire.Server.ServerJobCancellationWatcher [(null)] <(null)> - Checking for aborted jobs...
2019-05-22 10:24:25,857 [ServerJobCancellationWatcher #1] DEBUG Hangfire.Server.ServerJobCancellationWatcher [(null)] <(null)> - No newly aborted jobs found.
2019-05-22 10:24:30,857 [ServerJobCancellationWatcher #1] DEBUG Hangfire.Server.ServerJobCancellationWatcher [(null)] <(null)> - Checking for aborted jobs...
2019-05-22 10:24:30,857 [ServerJobCancellationWatcher #1] DEBUG Hangfire.Server.ServerJobCancellationWatcher [(null)] <(null)> - No newly aborted jobs found.
2019-05-22 10:24:35,858 [ServerJobCancellationWatcher #1] DEBUG Hangfire.Server.ServerJobCancellationWatcher [(null)] <(null)> - Checking for aborted jobs...
2019-05-22 10:24:35,859 [ServerJobCancellationWatcher #1] DEBUG Hangfire.Server.ServerJobCancellationWatcher [(null)] <(null)> - No newly aborted jobs found.
2019-05-22 10:24:35,885 [ServerHeartbeatProcess #1] DEBUG Hangfire.Server.ServerHeartbeatProcess [(null)] <(null)> - Server itb-zlj:6316:1069d8c3 heartbeat successfully sent
2019-05-22 10:24:35,886 [ServerHeartbeatProcess #1] DEBUG Hangfire.Server.ServerHeartbeatProcess [(null)] <(null)> - Server itb-zlj:6316:1069d8c3 waiting for 00:00:30 delay before sending a heartbeat
2019-05-22 10:24:40,860 [ServerJobCancellationWatcher #1] DEBUG Hangfire.Server.ServerJobCancellationWatcher [(null)] <(null)> - Checking for aborted jobs...
2019-05-22 10:24:40,861 [ServerJobCancellationWatcher #1] DEBUG Hangfire.Server.ServerJobCancellationWatcher [(null)] <(null)> - No newly aborted jobs found.
2019-05-22 10:24:45,862 [ServerJobCancellationWatcher #1] DEBUG Hangfire.Server.ServerJobCancellationWatcher [(null)] <(null)> - Checking for aborted jobs...
2019-05-22 10:24:45,862 [ServerJobCancellationWatcher #1] DEBUG Hangfire.Server.ServerJobCancellationWatcher [(null)] <(null)> - No newly aborted jobs found.
2019-05-22 10:24:50,863 [ServerJobCancellationWatcher #1] DEBUG Hangfire.Server.ServerJobCancellationWatcher [(null)] <(null)> - Checking for aborted jobs...
2019-05-22 10:24:50,863 [ServerJobCancellationWatcher #1] DEBUG Hangfire.Server.ServerJobCancellationWatcher [(null)] <(null)> - No newly aborted jobs found.
2019-05-22 10:24:55,864 [ServerJobCancellationWatcher #1] DEBUG Hangfire.Server.ServerJobCancellationWatcher [(null)] <(null)> - Checking for aborted jobs...
2019-05-22 10:24:55,864 [ServerJobCancellationWatcher #1] DEBUG Hangfire.Server.ServerJobCancellationWatcher [(null)] <(null)> - No newly aborted jobs found.
2019-05-22 10:25:00,865 [ServerJobCancellationWatcher #1] DEBUG Hangfire.Server.ServerJobCancellationWatcher [(null)] <(null)> - Checking for aborted jobs...
2019-05-22 10:25:00,865 [ServerJobCancellationWatcher #1] DEBUG Hangfire.Server.ServerJobCancellationWatcher [(null)] <(null)> - No newly aborted jobs found.
2019-05-22 10:25:05,866 [ServerJobCancellationWatcher #1] DEBUG Hangfire.Server.ServerJobCancellationWatcher [(null)] <(null)> - Checking for aborted jobs...
2019-05-22 10:25:05,867 [ServerJobCancellationWatcher #1] DEBUG Hangfire.Server.ServerJobCancellationWatcher [(null)] <(null)> - No newly aborted jobs found.
2019-05-22 10:25:05,888 [ServerHeartbeatProcess #1] DEBUG Hangfire.Server.ServerHeartbeatProcess [(null)] <(null)> - Server itb-zlj:6316:1069d8c3 heartbeat successfully sent
2019-05-22 10:25:05,889 [ServerHeartbeatProcess #1] DEBUG Hangfire.Server.ServerHeartbeatProcess [(null)] <(null)> - Server itb-zlj:6316:1069d8c3 waiting for 00:00:30 delay before sending a heartbeat
2019-05-22 10:25:06,587 [RecurringJobScheduler #1] DEBUG Hangfire.Server.RecurringJobScheduler [(null)] <(null)> - 1 recurring job(s) enqueued.
2019-05-22 10:25:06,628 [Worker #5] INFO  Common.Logging.Log [(null)] <(null)> -  System.RuntimeMethodHandle.InvokeMethod: 每分钟执行任务
2019-05-22 10:25:10,867 [ServerJobCancellationWatcher #1] DEBUG Hangfire.Server.ServerJobCancellationWatcher [(null)] <(null)> - Checking for aborted jobs...
2019-05-22 10:25:10,867 [ServerJobCancellationWatcher #1] DEBUG Hangfire.Server.ServerJobCancellationWatcher [(null)] <(null)> - No newly aborted jobs found.
2019-05-22 10:25:15,868 [ServerJobCancellationWatcher #1] DEBUG Hangfire.Server.ServerJobCancellationWatcher [(null)] <(null)> - Checking for aborted jobs...
2019-05-22 10:25:15,869 [ServerJobCancellationWatcher #1] DEBUG Hangfire.Server.ServerJobCancellationWatcher [(null)] <(null)> - No newly aborted jobs found.
2019-05-22 10:25:20,869 [ServerJobCancellationWatcher #1] DEBUG Hangfire.Server.ServerJobCancellationWatcher [(null)] <(null)> - Checking for aborted jobs...
2019-05-22 10:25:20,869 [ServerJobCancellationWatcher #1] DEBUG Hangfire.Server.ServerJobCancellationWatcher [(null)] <(null)> - No newly aborted jobs found.
2019-05-22 10:25:21,193 [54] INFO  Hangfire.Server.BackgroundServerProcess [(null)] <(null)> - Server itb-zlj:6316:1069d8c3 caught stopping signal...
2019-05-22 10:25:21,195 [DelayedJobScheduler #1] DEBUG Hangfire.Processing.BackgroundExecution [(null)] <(null)> - Execution loop DelayedJobScheduler:dc491cb9 stopped in 0 ms
2019-05-22 10:25:21,195 [Worker #20] DEBUG Hangfire.Processing.BackgroundExecution [(null)] <(null)> - Execution loop Worker:f374472d stopped in 0 ms
2019-05-22 10:25:21,195 [Worker #19] DEBUG Hangfire.Processing.BackgroundExecution [(null)] <(null)> - Execution loop Worker:e29adeef stopped in 0.057 ms
2019-05-22 10:25:21,195 [Worker #17] DEBUG Hangfire.Processing.BackgroundExecution [(null)] <(null)> - Execution loop Worker:942a4993 stopped in 0.2461 ms
2019-05-22 10:25:21,195 [Worker #1] DEBUG Hangfire.Processing.BackgroundExecution [(null)] <(null)> - Execution loop Worker:8ae850aa stopped in 0.4991 ms
2019-05-22 10:25:21,229 [47] INFO  Hangfire.Server.BackgroundServerProcess [(null)] <(null)> - Server itb-zlj:6316:1069d8c3 caught stopped signal...
2019-05-22 10:25:21,207 [Worker #7] DEBUG Hangfire.Processing.BackgroundExecution [(null)] <(null)> - Execution loop Worker:d17c6559 stopped in 11.7229 ms
2019-05-22 10:25:21,211 [Worker #3] DEBUG Hangfire.Processing.BackgroundExecution [(null)] <(null)> - Execution loop Worker:52feec9d stopped in 16.0587 ms
2019-05-22 10:25:21,195 [Worker #4] DEBUG Hangfire.Processing.BackgroundExecution [(null)] <(null)> - Execution loop Worker:87f2bdd7 stopped in 0 ms
2019-05-22 10:25:21,202 [Worker #11] DEBUG Hangfire.Processing.BackgroundExecution [(null)] <(null)> - Execution loop Worker:edbc3489 stopped in 6.9121 ms
2019-05-22 10:25:21,206 [Worker #8] DEBUG Hangfire.Processing.BackgroundExecution [(null)] <(null)> - Execution loop Worker:3222bdcb stopped in 11.436 ms
2019-05-22 10:25:21,197 [ExpirationManager #1] DEBUG Hangfire.Processing.BackgroundExecution [(null)] <(null)> - Execution loop ExpirationManager:7aa594c3 stopped in 2.5801 ms
2019-05-22 10:25:21,202 [Worker #12] DEBUG Hangfire.Processing.BackgroundExecution [(null)] <(null)> - Execution loop Worker:0fb44e08 stopped in 6.9684 ms
2019-05-22 10:25:21,198 [CountersAggregator #1] DEBUG Hangfire.Processing.BackgroundExecution [(null)] <(null)> - Execution loop CountersAggregator:f32cecd9 stopped in 2.8372 ms
2019-05-22 10:25:21,202 [Worker #5] DEBUG Hangfire.Processing.BackgroundExecution [(null)] <(null)> - Execution loop Worker:f797607f stopped in 7.1749 ms
2019-05-22 10:25:21,206 [ServerWatchdog #1] DEBUG Hangfire.Processing.BackgroundExecution [(null)] <(null)> - Execution loop ServerWatchdog:cbffc790 stopped in 11.5258 ms
2019-05-22 10:25:21,220 [Worker #2] DEBUG Hangfire.Processing.BackgroundExecution [(null)] <(null)> - Execution loop Worker:d64522f2 stopped in 25.1157 ms
2019-05-22 10:25:21,197 [Worker #16] DEBUG Hangfire.Processing.BackgroundExecution [(null)] <(null)> - Execution loop Worker:fe9446c2 stopped in 2.6466 ms
2019-05-22 10:25:21,202 [Worker #18] DEBUG Hangfire.Processing.BackgroundExecution [(null)] <(null)> - Execution loop Worker:21818749 stopped in 7.3509 ms
2019-05-22 10:25:21,211 [Worker #10] DEBUG Hangfire.Processing.BackgroundExecution [(null)] <(null)> - Execution loop Worker:0675de5a stopped in 16.0145 ms
2019-05-22 10:25:21,211 [Worker #13] DEBUG Hangfire.Processing.BackgroundExecution [(null)] <(null)> - Execution loop Worker:ae254a5e stopped in 15.9299 ms
2019-05-22 10:25:21,216 [Worker #6] DEBUG Hangfire.Processing.BackgroundExecution [(null)] <(null)> - Execution loop Worker:c09f20c9 stopped in 20.7716 ms
2019-05-22 10:25:21,215 [Worker #9] DEBUG Hangfire.Processing.BackgroundExecution [(null)] <(null)> - Execution loop Worker:a0e31c4f stopped in 20.5512 ms
2019-05-22 10:25:21,220 [RecurringJobScheduler #1] DEBUG Hangfire.Processing.BackgroundExecution [(null)] <(null)> - Execution loop RecurringJobScheduler:f88b1b06 stopped in 25.0357 ms
2019-05-22 10:25:21,198 [ServerJobCancellationWatcher #1] DEBUG Hangfire.Processing.BackgroundExecution [(null)] <(null)> - Execution loop ServerJobCancellationWatcher:cd6926b5 stopped in 3.0521 ms
2019-05-22 10:25:21,224 [Worker #15] DEBUG Hangfire.Processing.BackgroundExecution [(null)] <(null)> - Execution loop Worker:d00375b5 stopped in 29.4761 ms
2019-05-22 10:25:21,207 [Worker #14] DEBUG Hangfire.Processing.BackgroundExecution [(null)] <(null)> - Execution loop Worker:a426d1a6 stopped in 11.6965 ms
2019-05-22 10:25:21,237 [BackgroundServerProcess #1] INFO  Hangfire.Server.BackgroundServerProcess [(null)] <(null)> - Server itb-zlj:6316:1069d8c3 All dispatchers stopped
2019-05-22 10:25:21,238 [ServerHeartbeatProcess #1] DEBUG Hangfire.Processing.BackgroundExecution [(null)] <(null)> - Execution loop ServerHeartbeatProcess:cd2fb926 stopped in 43.3586 ms
2019-05-22 10:25:21,241 [BackgroundServerProcess #1] DEBUG Hangfire.Server.BackgroundServerProcess [(null)] <(null)> - Server itb-zlj:6316:1069d8c3 is reporting itself as stopped...
2019-05-22 10:25:21,246 [BackgroundServerProcess #1] INFO  Hangfire.Server.BackgroundServerProcess [(null)] <(null)> - Server itb-zlj:6316:1069d8c3 successfully reported itself as stopped in 3.7856 ms
2019-05-22 10:25:21,246 [BackgroundServerProcess #1] INFO  Hangfire.Server.BackgroundServerProcess [(null)] <(null)> - Server itb-zlj:6316:1069d8c3 has been stopped in total 51.0622 ms
2019-05-22 10:25:21,247 [BackgroundServerProcess #1] DEBUG Hangfire.Processing.BackgroundExecution [(null)] <(null)> - Execution loop BackgroundServerProcess:53ced9c3 stopped in 55.2888 ms
2019-05-22 16:39:02,854 [12] INFO  Common.Logging.Log [(null)] <(null)> -  Demos.Admin.Controllers.HomeController.Index: xxxx
2019-05-22 16:39:02,889 [ExpirationManager #1] DEBUG Hangfire.SqlServer.ExpirationManager [(null)] <(null)> - Outdated records removed from the 'AggregatedCounter' table.
2019-05-22 16:39:02,890 [ExpirationManager #1] DEBUG Hangfire.SqlServer.ExpirationManager [(null)] <(null)> - Removing outdated records from the 'Job' table...
2019-05-22 16:39:02,968 [CountersAggregator #1] DEBUG Hangfire.SqlServer.CountersAggregator [(null)] <(null)> - Records from the 'Counter' table aggregated.
2019-05-22 16:39:03,109 [ExpirationManager #1] DEBUG Hangfire.SqlServer.ExpirationManager [(null)] <(null)> - Outdated records removed from the 'Job' table.
2019-05-22 16:39:03,109 [ExpirationManager #1] DEBUG Hangfire.SqlServer.ExpirationManager [(null)] <(null)> - Removing outdated records from the 'List' table...
2019-05-22 16:39:03,156 [ExpirationManager #1] DEBUG Hangfire.SqlServer.ExpirationManager [(null)] <(null)> - Outdated records removed from the 'List' table.
2019-05-22 16:39:03,156 [ExpirationManager #1] DEBUG Hangfire.SqlServer.ExpirationManager [(null)] <(null)> - Removing outdated records from the 'Set' table...
2019-05-22 16:39:03,170 [ExpirationManager #1] DEBUG Hangfire.SqlServer.ExpirationManager [(null)] <(null)> - Outdated records removed from the 'Set' table.
2019-05-22 16:39:03,171 [ExpirationManager #1] DEBUG Hangfire.SqlServer.ExpirationManager [(null)] <(null)> - Removing outdated records from the 'Hash' table...
2019-05-22 16:39:03,203 [ExpirationManager #1] DEBUG Hangfire.SqlServer.ExpirationManager [(null)] <(null)> - Outdated records removed from the 'Hash' table.
2019-05-22 16:39:03,219 [Worker #3] INFO  Common.Logging.Log [(null)] <(null)> -  System.RuntimeMethodHandle.InvokeMethod: 队列任务
2019-05-22 16:39:03,275 [RecurringJobScheduler #1] DEBUG Hangfire.Server.RecurringJobScheduler [(null)] <(null)> - 1 recurring job(s) enqueued.
2019-05-22 16:39:03,292 [Worker #4] INFO  Common.Logging.Log [(null)] <(null)> -  System.RuntimeMethodHandle.InvokeMethod: 每分钟执行任务
2019-05-22 16:39:07,772 [ServerJobCancellationWatcher #1] DEBUG Hangfire.Server.ServerJobCancellationWatcher [(null)] <(null)> - Checking for aborted jobs...
2019-05-22 16:39:07,773 [ServerJobCancellationWatcher #1] DEBUG Hangfire.Server.ServerJobCancellationWatcher [(null)] <(null)> - No newly aborted jobs found.
2019-05-22 16:39:08,594 [12] ERROR Common.Logging.Log [(null)] <(null)> -  Demos.Admin.MvcApplication.Application_Error: 异常地址:/index 错误信息:未找到路径“/index”的控制器或该控制器未实现 IController。
2019-05-22 16:39:12,774 [ServerJobCancellationWatcher #1] DEBUG Hangfire.Server.ServerJobCancellationWatcher [(null)] <(null)> - Checking for aborted jobs...
2019-05-22 16:39:12,774 [ServerJobCancellationWatcher #1] DEBUG Hangfire.Server.ServerJobCancellationWatcher [(null)] <(null)> - No newly aborted jobs found.
2019-05-22 16:39:17,775 [ServerJobCancellationWatcher #1] DEBUG Hangfire.Server.ServerJobCancellationWatcher [(null)] <(null)> - Checking for aborted jobs...
2019-05-22 16:39:17,776 [ServerJobCancellationWatcher #1] DEBUG Hangfire.Server.ServerJobCancellationWatcher [(null)] <(null)> - No newly aborted jobs found.
2019-05-22 16:39:18,012 [DelayedJobScheduler #1] DEBUG Hangfire.Server.DelayedJobScheduler [(null)] <(null)> - 1 scheduled job(s) enqueued.
2019-05-22 16:39:18,025 [Worker #3] INFO  Common.Logging.Log [(null)] <(null)> -  System.RuntimeMethodHandle.InvokeMethod: 延时任务
2019-05-22 16:39:22,777 [ServerJobCancellationWatcher #1] DEBUG Hangfire.Server.ServerJobCancellationWatcher [(null)] <(null)> - Checking for aborted jobs...
2019-05-22 16:39:22,778 [ServerJobCancellationWatcher #1] DEBUG Hangfire.Server.ServerJobCancellationWatcher [(null)] <(null)> - No newly aborted jobs found.
2019-05-22 16:39:27,779 [ServerJobCancellationWatcher #1] DEBUG Hangfire.Server.ServerJobCancellationWatcher [(null)] <(null)> - Checking for aborted jobs...
2019-05-22 16:39:27,780 [ServerJobCancellationWatcher #1] DEBUG Hangfire.Server.ServerJobCancellationWatcher [(null)] <(null)> - No newly aborted jobs found.
2019-05-22 16:39:32,777 [ServerHeartbeatProcess #1] DEBUG Hangfire.Server.ServerHeartbeatProcess [(null)] <(null)> - Server itb-zlj:8880:7b85eb98 heartbeat successfully sent
2019-05-22 16:39:32,778 [ServerHeartbeatProcess #1] DEBUG Hangfire.Server.ServerHeartbeatProcess [(null)] <(null)> - Server itb-zlj:8880:7b85eb98 waiting for 00:00:30 delay before sending a heartbeat
2019-05-22 16:39:32,780 [ServerJobCancellationWatcher #1] DEBUG Hangfire.Server.ServerJobCancellationWatcher [(null)] <(null)> - Checking for aborted jobs...
2019-05-22 16:39:32,781 [ServerJobCancellationWatcher #1] DEBUG Hangfire.Server.ServerJobCancellationWatcher [(null)] <(null)> - No newly aborted jobs found.
2019-05-22 16:39:37,781 [ServerJobCancellationWatcher #1] DEBUG Hangfire.Server.ServerJobCancellationWatcher [(null)] <(null)> - Checking for aborted jobs...
2019-05-22 16:39:37,781 [ServerJobCancellationWatcher #1] DEBUG Hangfire.Server.ServerJobCancellationWatcher [(null)] <(null)> - No newly aborted jobs found.
2019-05-22 16:39:42,782 [ServerJobCancellationWatcher #1] DEBUG Hangfire.Server.ServerJobCancellationWatcher [(null)] <(null)> - Checking for aborted jobs...
2019-05-22 16:39:42,783 [ServerJobCancellationWatcher #1] DEBUG Hangfire.Server.ServerJobCancellationWatcher [(null)] <(null)> - No newly aborted jobs found.
2019-05-22 16:39:47,784 [ServerJobCancellationWatcher #1] DEBUG Hangfire.Server.ServerJobCancellationWatcher [(null)] <(null)> - Checking for aborted jobs...
2019-05-22 16:39:47,785 [ServerJobCancellationWatcher #1] DEBUG Hangfire.Server.ServerJobCancellationWatcher [(null)] <(null)> - No newly aborted jobs found.
2019-05-22 16:39:52,785 [ServerJobCancellationWatcher #1] DEBUG Hangfire.Server.ServerJobCancellationWatcher [(null)] <(null)> - Checking for aborted jobs...
2019-05-22 16:39:52,786 [ServerJobCancellationWatcher #1] DEBUG Hangfire.Server.ServerJobCancellationWatcher [(null)] <(null)> - No newly aborted jobs found.
2019-05-22 16:39:57,786 [ServerJobCancellationWatcher #1] DEBUG Hangfire.Server.ServerJobCancellationWatcher [(null)] <(null)> - Checking for aborted jobs...
2019-05-22 16:39:57,787 [ServerJobCancellationWatcher #1] DEBUG Hangfire.Server.ServerJobCancellationWatcher [(null)] <(null)> - No newly aborted jobs found.
2019-05-22 16:40:02,780 [ServerHeartbeatProcess #1] DEBUG Hangfire.Server.ServerHeartbeatProcess [(null)] <(null)> - Server itb-zlj:8880:7b85eb98 heartbeat successfully sent
2019-05-22 16:40:02,781 [ServerHeartbeatProcess #1] DEBUG Hangfire.Server.ServerHeartbeatProcess [(null)] <(null)> - Server itb-zlj:8880:7b85eb98 waiting for 00:00:30 delay before sending a heartbeat
2019-05-22 16:40:02,787 [ServerJobCancellationWatcher #1] DEBUG Hangfire.Server.ServerJobCancellationWatcher [(null)] <(null)> - Checking for aborted jobs...
2019-05-22 16:40:02,787 [ServerJobCancellationWatcher #1] DEBUG Hangfire.Server.ServerJobCancellationWatcher [(null)] <(null)> - No newly aborted jobs found.
2019-05-22 16:40:03,333 [RecurringJobScheduler #1] DEBUG Hangfire.Server.RecurringJobScheduler [(null)] <(null)> - 1 recurring job(s) enqueued.
2019-05-22 16:40:03,361 [Worker #1] INFO  Common.Logging.Log [(null)] <(null)> -  System.RuntimeMethodHandle.InvokeMethod: 每分钟执行任务
2019-05-22 16:40:07,788 [ServerJobCancellationWatcher #1] DEBUG Hangfire.Server.ServerJobCancellationWatcher [(null)] <(null)> - Checking for aborted jobs...
2019-05-22 16:40:07,789 [ServerJobCancellationWatcher #1] DEBUG Hangfire.Server.ServerJobCancellationWatcher [(null)] <(null)> - No newly aborted jobs found.
2019-05-22 16:40:12,789 [ServerJobCancellationWatcher #1] DEBUG Hangfire.Server.ServerJobCancellationWatcher [(null)] <(null)> - Checking for aborted jobs...
2019-05-22 16:40:12,789 [ServerJobCancellationWatcher #1] DEBUG Hangfire.Server.ServerJobCancellationWatcher [(null)] <(null)> - No newly aborted jobs found.
2019-05-22 16:40:17,789 [ServerJobCancellationWatcher #1] DEBUG Hangfire.Server.ServerJobCancellationWatcher [(null)] <(null)> - Checking for aborted jobs...
2019-05-22 16:40:17,790 [ServerJobCancellationWatcher #1] DEBUG Hangfire.Server.ServerJobCancellationWatcher [(null)] <(null)> - No newly aborted jobs found.
2019-05-22 16:40:22,790 [ServerJobCancellationWatcher #1] DEBUG Hangfire.Server.ServerJobCancellationWatcher [(null)] <(null)> - Checking for aborted jobs...
2019-05-22 16:40:22,791 [ServerJobCancellationWatcher #1] DEBUG Hangfire.Server.ServerJobCancellationWatcher [(null)] <(null)> - No newly aborted jobs found.
2019-05-22 16:40:27,791 [ServerJobCancellationWatcher #1] DEBUG Hangfire.Server.ServerJobCancellationWatcher [(null)] <(null)> - Checking for aborted jobs...
2019-05-22 16:40:27,792 [ServerJobCancellationWatcher #1] DEBUG Hangfire.Server.ServerJobCancellationWatcher [(null)] <(null)> - No newly aborted jobs found.
2019-05-22 16:40:32,783 [ServerHeartbeatProcess #1] DEBUG Hangfire.Server.ServerHeartbeatProcess [(null)] <(null)> - Server itb-zlj:8880:7b85eb98 heartbeat successfully sent
2019-05-22 16:40:32,784 [ServerHeartbeatProcess #1] DEBUG Hangfire.Server.ServerHeartbeatProcess [(null)] <(null)> - Server itb-zlj:8880:7b85eb98 waiting for 00:00:30 delay before sending a heartbeat
2019-05-22 16:40:32,792 [ServerJobCancellationWatcher #1] DEBUG Hangfire.Server.ServerJobCancellationWatcher [(null)] <(null)> - Checking for aborted jobs...
2019-05-22 16:40:32,793 [ServerJobCancellationWatcher #1] DEBUG Hangfire.Server.ServerJobCancellationWatcher [(null)] <(null)> - No newly aborted jobs found.
2019-05-22 16:40:37,793 [ServerJobCancellationWatcher #1] DEBUG Hangfire.Server.ServerJobCancellationWatcher [(null)] <(null)> - Checking for aborted jobs...
2019-05-22 16:40:37,793 [ServerJobCancellationWatcher #1] DEBUG Hangfire.Server.ServerJobCancellationWatcher [(null)] <(null)> - No newly aborted jobs found.
2019-05-22 16:40:42,794 [ServerJobCancellationWatcher #1] DEBUG Hangfire.Server.ServerJobCancellationWatcher [(null)] <(null)> - Checking for aborted jobs...
2019-05-22 16:40:42,795 [ServerJobCancellationWatcher #1] DEBUG Hangfire.Server.ServerJobCancellationWatcher [(null)] <(null)> - No newly aborted jobs found.
2019-05-22 16:40:47,796 [ServerJobCancellationWatcher #1] DEBUG Hangfire.Server.ServerJobCancellationWatcher [(null)] <(null)> - Checking for aborted jobs...
2019-05-22 16:40:47,797 [ServerJobCancellationWatcher #1] DEBUG Hangfire.Server.ServerJobCancellationWatcher [(null)] <(null)> - No newly aborted jobs found.
2019-05-22 16:40:52,798 [ServerJobCancellationWatcher #1] DEBUG Hangfire.Server.ServerJobCancellationWatcher [(null)] <(null)> - Checking for aborted jobs...
2019-05-22 16:40:52,799 [ServerJobCancellationWatcher #1] DEBUG Hangfire.Server.ServerJobCancellationWatcher [(null)] <(null)> - No newly aborted jobs found.
2019-05-22 16:40:57,800 [ServerJobCancellationWatcher #1] DEBUG Hangfire.Server.ServerJobCancellationWatcher [(null)] <(null)> - Checking for aborted jobs...
2019-05-22 16:40:57,801 [ServerJobCancellationWatcher #1] DEBUG Hangfire.Server.ServerJobCancellationWatcher [(null)] <(null)> - No newly aborted jobs found.
2019-05-22 16:41:02,786 [ServerHeartbeatProcess #1] DEBUG Hangfire.Server.ServerHeartbeatProcess [(null)] <(null)> - Server itb-zlj:8880:7b85eb98 heartbeat successfully sent
2019-05-22 16:41:02,787 [ServerHeartbeatProcess #1] DEBUG Hangfire.Server.ServerHeartbeatProcess [(null)] <(null)> - Server itb-zlj:8880:7b85eb98 waiting for 00:00:30 delay before sending a heartbeat
2019-05-22 16:41:02,802 [ServerJobCancellationWatcher #1] DEBUG Hangfire.Server.ServerJobCancellationWatcher [(null)] <(null)> - Checking for aborted jobs...
2019-05-22 16:41:02,803 [ServerJobCancellationWatcher #1] DEBUG Hangfire.Server.ServerJobCancellationWatcher [(null)] <(null)> - No newly aborted jobs found.
2019-05-22 16:41:03,387 [RecurringJobScheduler #1] DEBUG Hangfire.Server.RecurringJobScheduler [(null)] <(null)> - 1 recurring job(s) enqueued.
2019-05-22 16:41:03,399 [Worker #1] INFO  Common.Logging.Log [(null)] <(null)> -  System.RuntimeMethodHandle.InvokeMethod: 每分钟执行任务
2019-05-22 16:41:07,803 [ServerJobCancellationWatcher #1] DEBUG Hangfire.Server.ServerJobCancellationWatcher [(null)] <(null)> - Checking for aborted jobs...
2019-05-22 16:41:07,804 [ServerJobCancellationWatcher #1] DEBUG Hangfire.Server.ServerJobCancellationWatcher [(null)] <(null)> - No newly aborted jobs found.
2019-05-22 16:41:12,805 [ServerJobCancellationWatcher #1] DEBUG Hangfire.Server.ServerJobCancellationWatcher [(null)] <(null)> - Checking for aborted jobs...
2019-05-22 16:41:12,806 [ServerJobCancellationWatcher #1] DEBUG Hangfire.Server.ServerJobCancellationWatcher [(null)] <(null)> - No newly aborted jobs found.
2019-05-22 16:41:17,806 [ServerJobCancellationWatcher #1] DEBUG Hangfire.Server.ServerJobCancellationWatcher [(null)] <(null)> - Checking for aborted jobs...
2019-05-22 16:41:17,807 [ServerJobCancellationWatcher #1] DEBUG Hangfire.Server.ServerJobCancellationWatcher [(null)] <(null)> - No newly aborted jobs found.
2019-05-22 16:41:22,807 [ServerJobCancellationWatcher #1] DEBUG Hangfire.Server.ServerJobCancellationWatcher [(null)] <(null)> - Checking for aborted jobs...
2019-05-22 16:41:22,807 [ServerJobCancellationWatcher #1] DEBUG Hangfire.Server.ServerJobCancellationWatcher [(null)] <(null)> - No newly aborted jobs found.
2019-05-22 16:41:27,808 [ServerJobCancellationWatcher #1] DEBUG Hangfire.Server.ServerJobCancellationWatcher [(null)] <(null)> - Checking for aborted jobs...
2019-05-22 16:41:27,809 [ServerJobCancellationWatcher #1] DEBUG Hangfire.Server.ServerJobCancellationWatcher [(null)] <(null)> - No newly aborted jobs found.
2019-05-22 16:41:32,789 [ServerHeartbeatProcess #1] DEBUG Hangfire.Server.ServerHeartbeatProcess [(null)] <(null)> - Server itb-zlj:8880:7b85eb98 heartbeat successfully sent
2019-05-22 16:41:32,790 [ServerHeartbeatProcess #1] DEBUG Hangfire.Server.ServerHeartbeatProcess [(null)] <(null)> - Server itb-zlj:8880:7b85eb98 waiting for 00:00:30 delay before sending a heartbeat
2019-05-22 16:41:32,810 [ServerJobCancellationWatcher #1] DEBUG Hangfire.Server.ServerJobCancellationWatcher [(null)] <(null)> - Checking for aborted jobs...
2019-05-22 16:41:32,811 [ServerJobCancellationWatcher #1] DEBUG Hangfire.Server.ServerJobCancellationWatcher [(null)] <(null)> - No newly aborted jobs found.
2019-05-22 16:41:37,811 [ServerJobCancellationWatcher #1] DEBUG Hangfire.Server.ServerJobCancellationWatcher [(null)] <(null)> - Checking for aborted jobs...
2019-05-22 16:41:37,812 [ServerJobCancellationWatcher #1] DEBUG Hangfire.Server.ServerJobCancellationWatcher [(null)] <(null)> - No newly aborted jobs found.
2019-05-22 16:41:42,813 [ServerJobCancellationWatcher #1] DEBUG Hangfire.Server.ServerJobCancellationWatcher [(null)] <(null)> - Checking for aborted jobs...
2019-05-22 16:41:42,814 [ServerJobCancellationWatcher #1] DEBUG Hangfire.Server.ServerJobCancellationWatcher [(null)] <(null)> - No newly aborted jobs found.
2019-05-22 16:41:47,815 [ServerJobCancellationWatcher #1] DEBUG Hangfire.Server.ServerJobCancellationWatcher [(null)] <(null)> - Checking for aborted jobs...
2019-05-22 16:41:47,816 [ServerJobCancellationWatcher #1] DEBUG Hangfire.Server.ServerJobCancellationWatcher [(null)] <(null)> - No newly aborted jobs found.
2019-05-22 16:41:52,816 [ServerJobCancellationWatcher #1] DEBUG Hangfire.Server.ServerJobCancellationWatcher [(null)] <(null)> - Checking for aborted jobs...
2019-05-22 16:41:52,817 [ServerJobCancellationWatcher #1] DEBUG Hangfire.Server.ServerJobCancellationWatcher [(null)] <(null)> - No newly aborted jobs found.
2019-05-22 16:41:57,818 [ServerJobCancellationWatcher #1] DEBUG Hangfire.Server.ServerJobCancellationWatcher [(null)] <(null)> - Checking for aborted jobs...
2019-05-22 16:41:57,819 [ServerJobCancellationWatcher #1] DEBUG Hangfire.Server.ServerJobCancellationWatcher [(null)] <(null)> - No newly aborted jobs found.
2019-05-22 16:42:02,792 [ServerHeartbeatProcess #1] DEBUG Hangfire.Server.ServerHeartbeatProcess [(null)] <(null)> - Server itb-zlj:8880:7b85eb98 heartbeat successfully sent
2019-05-22 16:42:02,793 [ServerHeartbeatProcess #1] DEBUG Hangfire.Server.ServerHeartbeatProcess [(null)] <(null)> - Server itb-zlj:8880:7b85eb98 waiting for 00:00:30 delay before sending a heartbeat
2019-05-22 16:42:02,820 [ServerJobCancellationWatcher #1] DEBUG Hangfire.Server.ServerJobCancellationWatcher [(null)] <(null)> - Checking for aborted jobs...
2019-05-22 16:42:02,821 [ServerJobCancellationWatcher #1] DEBUG Hangfire.Server.ServerJobCancellationWatcher [(null)] <(null)> - No newly aborted jobs found.
2019-05-22 16:42:03,440 [RecurringJobScheduler #1] DEBUG Hangfire.Server.RecurringJobScheduler [(null)] <(null)> - 1 recurring job(s) enqueued.
2019-05-22 16:42:03,474 [Worker #1] INFO  Common.Logging.Log [(null)] <(null)> -  System.RuntimeMethodHandle.InvokeMethod: 每分钟执行任务
2019-05-22 16:42:07,822 [ServerJobCancellationWatcher #1] DEBUG Hangfire.Server.ServerJobCancellationWatcher [(null)] <(null)> - Checking for aborted jobs...
2019-05-22 16:42:07,823 [ServerJobCancellationWatcher #1] DEBUG Hangfire.Server.ServerJobCancellationWatcher [(null)] <(null)> - No newly aborted jobs found.
2019-05-22 16:42:12,824 [ServerJobCancellationWatcher #1] DEBUG Hangfire.Server.ServerJobCancellationWatcher [(null)] <(null)> - Checking for aborted jobs...
2019-05-22 16:42:12,825 [ServerJobCancellationWatcher #1] DEBUG Hangfire.Server.ServerJobCancellationWatcher [(null)] <(null)> - No newly aborted jobs found.
2019-05-22 16:42:17,825 [ServerJobCancellationWatcher #1] DEBUG Hangfire.Server.ServerJobCancellationWatcher [(null)] <(null)> - Checking for aborted jobs...
2019-05-22 16:42:17,826 [ServerJobCancellationWatcher #1] DEBUG Hangfire.Server.ServerJobCancellationWatcher [(null)] <(null)> - No newly aborted jobs found.
2019-05-22 16:42:22,826 [ServerJobCancellationWatcher #1] DEBUG Hangfire.Server.ServerJobCancellationWatcher [(null)] <(null)> - Checking for aborted jobs...
2019-05-22 16:42:22,827 [ServerJobCancellationWatcher #1] DEBUG Hangfire.Server.ServerJobCancellationWatcher [(null)] <(null)> - No newly aborted jobs found.
2019-05-22 16:42:27,828 [ServerJobCancellationWatcher #1] DEBUG Hangfire.Server.ServerJobCancellationWatcher [(null)] <(null)> - Checking for aborted jobs...
2019-05-22 16:42:27,828 [ServerJobCancellationWatcher #1] DEBUG Hangfire.Server.ServerJobCancellationWatcher [(null)] <(null)> - No newly aborted jobs found.
2019-05-22 16:42:32,795 [ServerHeartbeatProcess #1] DEBUG Hangfire.Server.ServerHeartbeatProcess [(null)] <(null)> - Server itb-zlj:8880:7b85eb98 heartbeat successfully sent
2019-05-22 16:42:32,796 [ServerHeartbeatProcess #1] DEBUG Hangfire.Server.ServerHeartbeatProcess [(null)] <(null)> - Server itb-zlj:8880:7b85eb98 waiting for 00:00:30 delay before sending a heartbeat
2019-05-22 16:42:32,828 [ServerJobCancellationWatcher #1] DEBUG Hangfire.Server.ServerJobCancellationWatcher [(null)] <(null)> - Checking for aborted jobs...
2019-05-22 16:42:32,828 [ServerJobCancellationWatcher #1] DEBUG Hangfire.Server.ServerJobCancellationWatcher [(null)] <(null)> - No newly aborted jobs found.
2019-05-22 16:42:37,829 [ServerJobCancellationWatcher #1] DEBUG Hangfire.Server.ServerJobCancellationWatcher [(null)] <(null)> - Checking for aborted jobs...
2019-05-22 16:42:37,830 [ServerJobCancellationWatcher #1] DEBUG Hangfire.Server.ServerJobCancellationWatcher [(null)] <(null)> - No newly aborted jobs found.
2019-05-22 16:42:42,831 [ServerJobCancellationWatcher #1] DEBUG Hangfire.Server.ServerJobCancellationWatcher [(null)] <(null)> - Checking for aborted jobs...
2019-05-22 16:42:42,832 [ServerJobCancellationWatcher #1] DEBUG Hangfire.Server.ServerJobCancellationWatcher [(null)] <(null)> - No newly aborted jobs found.
2019-05-22 16:42:47,832 [ServerJobCancellationWatcher #1] DEBUG Hangfire.Server.ServerJobCancellationWatcher [(null)] <(null)> - Checking for aborted jobs...
2019-05-22 16:42:47,833 [ServerJobCancellationWatcher #1] DEBUG Hangfire.Server.ServerJobCancellationWatcher [(null)] <(null)> - No newly aborted jobs found.
2019-05-22 16:42:52,833 [ServerJobCancellationWatcher #1] DEBUG Hangfire.Server.ServerJobCancellationWatcher [(null)] <(null)> - Checking for aborted jobs...
2019-05-22 16:42:52,834 [ServerJobCancellationWatcher #1] DEBUG Hangfire.Server.ServerJobCancellationWatcher [(null)] <(null)> - No newly aborted jobs found.
2019-05-22 16:42:57,835 [ServerJobCancellationWatcher #1] DEBUG Hangfire.Server.ServerJobCancellationWatcher [(null)] <(null)> - Checking for aborted jobs...
2019-05-22 16:42:57,835 [ServerJobCancellationWatcher #1] DEBUG Hangfire.Server.ServerJobCancellationWatcher [(null)] <(null)> - No newly aborted jobs found.
2019-05-22 16:43:02,815 [ServerHeartbeatProcess #1] DEBUG Hangfire.Server.ServerHeartbeatProcess [(null)] <(null)> - Server itb-zlj:8880:7b85eb98 heartbeat successfully sent
2019-05-22 16:43:02,816 [ServerHeartbeatProcess #1] DEBUG Hangfire.Server.ServerHeartbeatProcess [(null)] <(null)> - Server itb-zlj:8880:7b85eb98 waiting for 00:00:30 delay before sending a heartbeat
2019-05-22 16:43:02,836 [ServerJobCancellationWatcher #1] DEBUG Hangfire.Server.ServerJobCancellationWatcher [(null)] <(null)> - Checking for aborted jobs...
2019-05-22 16:43:02,837 [ServerJobCancellationWatcher #1] DEBUG Hangfire.Server.ServerJobCancellationWatcher [(null)] <(null)> - No newly aborted jobs found.
2019-05-22 16:43:03,495 [RecurringJobScheduler #1] DEBUG Hangfire.Server.RecurringJobScheduler [(null)] <(null)> - 1 recurring job(s) enqueued.
2019-05-22 16:43:03,556 [Worker #1] INFO  Common.Logging.Log [(null)] <(null)> -  System.RuntimeMethodHandle.InvokeMethod: 每分钟执行任务
2019-05-22 16:43:07,838 [ServerJobCancellationWatcher #1] DEBUG Hangfire.Server.ServerJobCancellationWatcher [(null)] <(null)> - Checking for aborted jobs...
2019-05-22 16:43:07,839 [ServerJobCancellationWatcher #1] DEBUG Hangfire.Server.ServerJobCancellationWatcher [(null)] <(null)> - No newly aborted jobs found.
2019-05-22 16:43:12,840 [ServerJobCancellationWatcher #1] DEBUG Hangfire.Server.ServerJobCancellationWatcher [(null)] <(null)> - Checking for aborted jobs...
2019-05-22 16:43:12,841 [ServerJobCancellationWatcher #1] DEBUG Hangfire.Server.ServerJobCancellationWatcher [(null)] <(null)> - No newly aborted jobs found.
2019-05-22 16:43:17,841 [ServerJobCancellationWatcher #1] DEBUG Hangfire.Server.ServerJobCancellationWatcher [(null)] <(null)> - Checking for aborted jobs...
2019-05-22 16:43:17,842 [ServerJobCancellationWatcher #1] DEBUG Hangfire.Server.ServerJobCancellationWatcher [(null)] <(null)> - No newly aborted jobs found.
2019-05-22 16:43:22,842 [ServerJobCancellationWatcher #1] DEBUG Hangfire.Server.ServerJobCancellationWatcher [(null)] <(null)> - Checking for aborted jobs...
2019-05-22 16:43:22,843 [ServerJobCancellationWatcher #1] DEBUG Hangfire.Server.ServerJobCancellationWatcher [(null)] <(null)> - No newly aborted jobs found.
2019-05-22 16:43:27,844 [ServerJobCancellationWatcher #1] DEBUG Hangfire.Server.ServerJobCancellationWatcher [(null)] <(null)> - Checking for aborted jobs...
2019-05-22 16:43:27,844 [ServerJobCancellationWatcher #1] DEBUG Hangfire.Server.ServerJobCancellationWatcher [(null)] <(null)> - No newly aborted jobs found.
2019-05-22 16:43:32,818 [ServerHeartbeatProcess #1] DEBUG Hangfire.Server.ServerHeartbeatProcess [(null)] <(null)> - Server itb-zlj:8880:7b85eb98 heartbeat successfully sent
2019-05-22 16:43:32,818 [ServerHeartbeatProcess #1] DEBUG Hangfire.Server.ServerHeartbeatProcess [(null)] <(null)> - Server itb-zlj:8880:7b85eb98 waiting for 00:00:30 delay before sending a heartbeat
2019-05-22 16:43:32,845 [ServerJobCancellationWatcher #1] DEBUG Hangfire.Server.ServerJobCancellationWatcher [(null)] <(null)> - Checking for aborted jobs...
2019-05-22 16:43:32,845 [ServerJobCancellationWatcher #1] DEBUG Hangfire.Server.ServerJobCancellationWatcher [(null)] <(null)> - No newly aborted jobs found.
2019-05-22 16:43:37,845 [ServerJobCancellationWatcher #1] DEBUG Hangfire.Server.ServerJobCancellationWatcher [(null)] <(null)> - Checking for aborted jobs...
2019-05-22 16:43:37,846 [ServerJobCancellationWatcher #1] DEBUG Hangfire.Server.ServerJobCancellationWatcher [(null)] <(null)> - No newly aborted jobs found.
2019-05-22 16:43:42,847 [ServerJobCancellationWatcher #1] DEBUG Hangfire.Server.ServerJobCancellationWatcher [(null)] <(null)> - Checking for aborted jobs...
2019-05-22 16:43:42,848 [ServerJobCancellationWatcher #1] DEBUG Hangfire.Server.ServerJobCancellationWatcher [(null)] <(null)> - No newly aborted jobs found.
2019-05-22 16:43:47,849 [ServerJobCancellationWatcher #1] DEBUG Hangfire.Server.ServerJobCancellationWatcher [(null)] <(null)> - Checking for aborted jobs...
2019-05-22 16:43:47,850 [ServerJobCancellationWatcher #1] DEBUG Hangfire.Server.ServerJobCancellationWatcher [(null)] <(null)> - No newly aborted jobs found.
2019-05-22 16:43:52,851 [ServerJobCancellationWatcher #1] DEBUG Hangfire.Server.ServerJobCancellationWatcher [(null)] <(null)> - Checking for aborted jobs...
2019-05-22 16:43:52,851 [ServerJobCancellationWatcher #1] DEBUG Hangfire.Server.ServerJobCancellationWatcher [(null)] <(null)> - No newly aborted jobs found.
2019-05-22 16:43:57,852 [ServerJobCancellationWatcher #1] DEBUG Hangfire.Server.ServerJobCancellationWatcher [(null)] <(null)> - Checking for aborted jobs...
2019-05-22 16:43:57,852 [ServerJobCancellationWatcher #1] DEBUG Hangfire.Server.ServerJobCancellationWatcher [(null)] <(null)> - No newly aborted jobs found.
2019-05-22 16:44:02,820 [ServerHeartbeatProcess #1] DEBUG Hangfire.Server.ServerHeartbeatProcess [(null)] <(null)> - Server itb-zlj:8880:7b85eb98 heartbeat successfully sent
2019-05-22 16:44:02,821 [ServerHeartbeatProcess #1] DEBUG Hangfire.Server.ServerHeartbeatProcess [(null)] <(null)> - Server itb-zlj:8880:7b85eb98 waiting for 00:00:30 delay before sending a heartbeat
2019-05-22 16:44:02,853 [ServerJobCancellationWatcher #1] DEBUG Hangfire.Server.ServerJobCancellationWatcher [(null)] <(null)> - Checking for aborted jobs...
2019-05-22 16:44:02,853 [ServerJobCancellationWatcher #1] DEBUG Hangfire.Server.ServerJobCancellationWatcher [(null)] <(null)> - No newly aborted jobs found.
2019-05-22 16:44:02,968 [CountersAggregator #1] DEBUG Hangfire.SqlServer.CountersAggregator [(null)] <(null)> - Aggregating records in 'Counter' table...
2019-05-22 16:44:02,998 [CountersAggregator #1] DEBUG Hangfire.SqlServer.CountersAggregator [(null)] <(null)> - Records from the 'Counter' table aggregated.
2019-05-22 16:44:03,546 [RecurringJobScheduler #1] DEBUG Hangfire.Server.RecurringJobScheduler [(null)] <(null)> - 1 recurring job(s) enqueued.
2019-05-22 16:44:03,557 [Worker #1] INFO  Common.Logging.Log [(null)] <(null)> -  System.RuntimeMethodHandle.InvokeMethod: 每分钟执行任务
2019-05-22 16:44:07,854 [ServerJobCancellationWatcher #1] DEBUG Hangfire.Server.ServerJobCancellationWatcher [(null)] <(null)> - Checking for aborted jobs...
2019-05-22 16:44:07,855 [ServerJobCancellationWatcher #1] DEBUG Hangfire.Server.ServerJobCancellationWatcher [(null)] <(null)> - No newly aborted jobs found.
2019-05-22 16:44:12,856 [ServerJobCancellationWatcher #1] DEBUG Hangfire.Server.ServerJobCancellationWatcher [(null)] <(null)> - Checking for aborted jobs...
2019-05-22 16:44:12,856 [ServerJobCancellationWatcher #1] DEBUG Hangfire.Server.ServerJobCancellationWatcher [(null)] <(null)> - No newly aborted jobs found.
2019-05-22 16:44:17,857 [ServerJobCancellationWatcher #1] DEBUG Hangfire.Server.ServerJobCancellationWatcher [(null)] <(null)> - Checking for aborted jobs...
2019-05-22 16:44:17,858 [ServerJobCancellationWatcher #1] DEBUG Hangfire.Server.ServerJobCancellationWatcher [(null)] <(null)> - No newly aborted jobs found.
2019-05-22 16:44:22,859 [ServerJobCancellationWatcher #1] DEBUG Hangfire.Server.ServerJobCancellationWatcher [(null)] <(null)> - Checking for aborted jobs...
2019-05-22 16:44:22,859 [ServerJobCancellationWatcher #1] DEBUG Hangfire.Server.ServerJobCancellationWatcher [(null)] <(null)> - No newly aborted jobs found.
2019-05-22 16:44:27,860 [ServerJobCancellationWatcher #1] DEBUG Hangfire.Server.ServerJobCancellationWatcher [(null)] <(null)> - Checking for aborted jobs...
2019-05-22 16:44:27,861 [ServerJobCancellationWatcher #1] DEBUG Hangfire.Server.ServerJobCancellationWatcher [(null)] <(null)> - No newly aborted jobs found.
2019-05-22 16:44:32,823 [ServerHeartbeatProcess #1] DEBUG Hangfire.Server.ServerHeartbeatProcess [(null)] <(null)> - Server itb-zlj:8880:7b85eb98 heartbeat successfully sent
2019-05-22 16:44:32,824 [ServerHeartbeatProcess #1] DEBUG Hangfire.Server.ServerHeartbeatProcess [(null)] <(null)> - Server itb-zlj:8880:7b85eb98 waiting for 00:00:30 delay before sending a heartbeat
2019-05-22 16:44:32,861 [ServerJobCancellationWatcher #1] DEBUG Hangfire.Server.ServerJobCancellationWatcher [(null)] <(null)> - Checking for aborted jobs...
2019-05-22 16:44:32,862 [ServerJobCancellationWatcher #1] DEBUG Hangfire.Server.ServerJobCancellationWatcher [(null)] <(null)> - No newly aborted jobs found.
2019-05-22 16:44:35,203 [57] INFO  Hangfire.Server.BackgroundServerProcess [(null)] <(null)> - Server itb-zlj:8880:7b85eb98 caught stopping signal...
2019-05-22 16:44:35,204 [ServerJobCancellationWatcher #1] DEBUG Hangfire.Processing.BackgroundExecution [(null)] <(null)> - Execution loop ServerJobCancellationWatcher:b0f34ed7 stopped in 0.1668 ms
2019-05-22 16:44:35,204 [Worker #18] DEBUG Hangfire.Processing.BackgroundExecution [(null)] <(null)> - Execution loop Worker:78d99c42 stopped in 0.3299 ms
2019-05-22 16:44:35,205 [RecurringJobScheduler #1] DEBUG Hangfire.Processing.BackgroundExecution [(null)] <(null)> - Execution loop RecurringJobScheduler:4edcbd96 stopped in 0.6165 ms
2019-05-22 16:44:35,204 [Worker #14] DEBUG Hangfire.Processing.BackgroundExecution [(null)] <(null)> - Execution loop Worker:3d0afa01 stopped in 0.3435 ms
2019-05-22 16:44:35,205 [Worker #7] DEBUG Hangfire.Processing.BackgroundExecution [(null)] <(null)> - Execution loop Worker:6100bc94 stopped in 0.669 ms
2019-05-22 16:44:35,213 [Worker #20] DEBUG Hangfire.Processing.BackgroundExecution [(null)] <(null)> - Execution loop Worker:2b76e92b stopped in 8.9811 ms
2019-05-22 16:44:35,218 [Worker #13] DEBUG Hangfire.Processing.BackgroundExecution [(null)] <(null)> - Execution loop Worker:ee6f5e72 stopped in 14.1709 ms
2019-05-22 16:44:35,208 [Worker #4] DEBUG Hangfire.Processing.BackgroundExecution [(null)] <(null)> - Execution loop Worker:0642da27 stopped in 3.7539 ms
2019-05-22 16:44:35,208 [Worker #10] DEBUG Hangfire.Processing.BackgroundExecution [(null)] <(null)> - Execution loop Worker:15485262 stopped in 3.7275 ms
2019-05-22 16:44:35,213 [Worker #6] DEBUG Hangfire.Processing.BackgroundExecution [(null)] <(null)> - Execution loop Worker:f0267b0f stopped in 8.9464 ms
2019-05-22 16:44:35,218 [Worker #2] DEBUG Hangfire.Processing.BackgroundExecution [(null)] <(null)> - Execution loop Worker:487099b4 stopped in 14.3004 ms
2019-05-22 16:44:35,224 [ExpirationManager #1] DEBUG Hangfire.Processing.BackgroundExecution [(null)] <(null)> - Execution loop ExpirationManager:ee84b79c stopped in 19.8168 ms
2019-05-22 16:44:35,229 [CountersAggregator #1] DEBUG Hangfire.Processing.BackgroundExecution [(null)] <(null)> - Execution loop CountersAggregator:99700e59 stopped in 24.9579 ms
2019-05-22 16:44:35,208 [Worker #19] DEBUG Hangfire.Processing.BackgroundExecution [(null)] <(null)> - Execution loop Worker:8d0809fb stopped in 3.7275 ms
2019-05-22 16:44:35,213 [Worker #11] DEBUG Hangfire.Processing.BackgroundExecution [(null)] <(null)> - Execution loop Worker:e1d4ca82 stopped in 8.8769 ms
2019-05-22 16:44:35,218 [Worker #8] DEBUG Hangfire.Processing.BackgroundExecution [(null)] <(null)> - Execution loop Worker:f9621bb2 stopped in 14.0788 ms
2019-05-22 16:44:35,224 [ServerWatchdog #1] DEBUG Hangfire.Processing.BackgroundExecution [(null)] <(null)> - Execution loop ServerWatchdog:ebef1e29 stopped in 19.7281 ms
2019-05-22 16:44:35,234 [Worker #16] DEBUG Hangfire.Processing.BackgroundExecution [(null)] <(null)> - Execution loop Worker:0188cc76 stopped in 29.7585 ms
2019-05-22 16:44:35,229 [DelayedJobScheduler #1] DEBUG Hangfire.Processing.BackgroundExecution [(null)] <(null)> - Execution loop DelayedJobScheduler:d693dbe7 stopped in 24.8394 ms
2019-05-22 16:44:35,234 [Worker #17] DEBUG Hangfire.Processing.BackgroundExecution [(null)] <(null)> - Execution loop Worker:80d5ce4b stopped in 29.6199 ms
2019-05-22 16:44:35,238 [Worker #9] DEBUG Hangfire.Processing.BackgroundExecution [(null)] <(null)> - Execution loop Worker:162d11d3 stopped in 33.9353 ms
2019-05-22 16:44:35,244 [56] INFO  Hangfire.Server.BackgroundServerProcess [(null)] <(null)> - Server itb-zlj:8880:7b85eb98 caught stopped signal...
2019-05-22 16:44:35,208 [Worker #3] DEBUG Hangfire.Processing.BackgroundExecution [(null)] <(null)> - Execution loop Worker:34fedbc5 stopped in 3.575 ms
2019-05-22 16:44:35,213 [Worker #15] DEBUG Hangfire.Processing.BackgroundExecution [(null)] <(null)> - Execution loop Worker:a6f27a37 stopped in 8.7825 ms
2019-05-22 16:44:35,223 [Worker #5] DEBUG Hangfire.Processing.BackgroundExecution [(null)] <(null)> - Execution loop Worker:07875336 stopped in 19.4083 ms
2019-05-22 16:44:35,218 [Worker #1] DEBUG Hangfire.Processing.BackgroundExecution [(null)] <(null)> - Execution loop Worker:450c7b85 stopped in 14.0437 ms
2019-05-22 16:44:35,238 [Worker #12] DEBUG Hangfire.Processing.BackgroundExecution [(null)] <(null)> - Execution loop Worker:95e857e8 stopped in 34.1101 ms
2019-05-22 16:44:35,261 [BackgroundServerProcess #1] INFO  Hangfire.Server.BackgroundServerProcess [(null)] <(null)> - Server itb-zlj:8880:7b85eb98 All dispatchers stopped
2019-05-22 16:44:35,263 [ServerHeartbeatProcess #1] DEBUG Hangfire.Processing.BackgroundExecution [(null)] <(null)> - Execution loop ServerHeartbeatProcess:52bb802c stopped in 58.811 ms
2019-05-22 16:44:35,265 [BackgroundServerProcess #1] DEBUG Hangfire.Server.BackgroundServerProcess [(null)] <(null)> - Server itb-zlj:8880:7b85eb98 is reporting itself as stopped...
2019-05-22 16:44:35,291 [BackgroundServerProcess #1] INFO  Hangfire.Server.BackgroundServerProcess [(null)] <(null)> - Server itb-zlj:8880:7b85eb98 successfully reported itself as stopped in 25.4642 ms
2019-05-22 16:44:35,292 [BackgroundServerProcess #1] INFO  Hangfire.Server.BackgroundServerProcess [(null)] <(null)> - Server itb-zlj:8880:7b85eb98 has been stopped in total 87.5841 ms
2019-05-22 16:44:35,292 [BackgroundServerProcess #1] DEBUG Hangfire.Processing.BackgroundExecution [(null)] <(null)> - Execution loop BackgroundServerProcess:1536ad42 stopped in 87.9881 ms
