2019-05-20 10:55:12,667 [11] INFO  Common.Logging.Log [(null)] <(null)> -  Demos.Admin.Controllers.HomeController.Index: xxxx
2019-05-20 10:56:55,729 [12] ERROR Common.Logging.Log [(null)] <(null)> -  Demos.Admin.MvcApplication.Application_Error: 异常地址:/hangfire 错误信息:未找到路径“/hangfire”的控制器或该控制器未实现 IController。
2019-05-20 11:11:36,094 [12] INFO  Common.Logging.Log [(null)] <(null)> -  Demos.Admin.Controllers.HomeController.Index: xxxx
2019-05-20 11:11:41,864 [19] ERROR Common.Logging.Log [(null)] <(null)> -  Demos.Admin.MvcApplication.Application_Error: 异常地址:/hangfire 错误信息:未找到路径“/hangfire”的控制器或该控制器未实现 IController。
2019-05-20 11:59:10,342 [16] INFO  Common.Logging.Log [(null)] <(null)> -  Demos.Admin.Controllers.HomeController.Index: xxxx
2019-05-20 12:40:49,072 [53] INFO  Common.Logging.Log [(null)] <(null)> -  Demos.Admin.Controllers.HomeController.Index: xxxx
2019-05-20 13:51:32,773 [81] INFO  Common.Logging.Log [(null)] <(null)> -  Demos.Admin.Controllers.HomeController.Index: xxxx
2019-05-20 13:51:38,700 [68] ERROR Common.Logging.Log [(null)] <(null)> -  Demos.Admin.MvcApplication.Application_Error: 异常地址:/hangfire 错误信息:未找到路径“/hangfire”的控制器或该控制器未实现 IController。
2019-05-20 14:21:16,920 [11] INFO  Common.Logging.Log [(null)] <(null)> -  Demos.Admin.Controllers.HomeController.Index: xxxx
2019-05-20 14:21:24,219 [11] ERROR Common.Logging.Log [(null)] <(null)> -  Demos.Admin.MvcApplication.Application_Error: 异常地址:/ 错误信息:JobStorage.Current property value has not been initialized. You must set it before using Hangfire Client or Server API.
2019-05-20 14:21:33,858 [11] ERROR Common.Logging.Log [(null)] <(null)> -  Demos.Admin.MvcApplication.Application_Error: 异常地址:/hangfire 错误信息:未找到路径“/hangfire”的控制器或该控制器未实现 IController。
2019-05-20 14:21:36,882 [8] INFO  Common.Logging.Log [(null)] <(null)> -  Demos.Admin.Controllers.HomeController.Index: xxxx
2019-05-20 14:22:06,376 [10] INFO  Common.Logging.Log [(null)] <(null)> -  Demos.Admin.Controllers.HomeController.Index: xxxx
2019-05-20 14:22:06,396 [10] ERROR Common.Logging.Log [(null)] <(null)> -  Demos.Admin.MvcApplication.Application_Error: 异常地址:/ 错误信息:JobStorage.Current property value has not been initialized. You must set it before using Hangfire Client or Server API.
2019-05-20 14:25:21,199 [15] INFO  Common.Logging.Log [(null)] <(null)> -  Demos.Admin.Controllers.HomeController.Index: xxxx
2019-05-20 16:57:20,520 [11] INFO  Common.Logging.Log [(null)] <(null)> -  Demos.Admin.Controllers.HomeController.Index: xxxx
2019-05-20 17:03:31,155 [13] INFO  Common.Logging.Log [(null)] <(null)> -  Demos.Admin.Controllers.HomeController.Index: xxxx
2019-05-20 17:03:31,175 [13] ERROR Common.Logging.Log [(null)] <(null)> -  Demos.Admin.MvcApplication.Application_Error: 异常地址:/ 错误信息:JobStorage.Current property value has not been initialized. You must set it before using Hangfire Client or Server API.
2019-05-20 17:03:31,259 [13] INFO  Common.Logging.Log [(null)] <(null)> -  Demos.Admin.Controllers.HomeController.Index: xxxx
2019-05-20 17:03:31,260 [13] ERROR Common.Logging.Log [(null)] <(null)> -  Demos.Admin.MvcApplication.Application_Error: 异常地址:/ 错误信息:JobStorage.Current property value has not been initialized. You must set it before using Hangfire Client or Server API.
2019-05-20 17:06:25,593 [Worker #8] INFO  Common.Logging.Log [(null)] <(null)> -  System.RuntimeMethodHandle.InvokeMethod: 延时任务
2019-05-20 17:06:25,595 [Worker #13] INFO  Common.Logging.Log [(null)] <(null)> -  System.RuntimeMethodHandle.InvokeMethod: 队列任务
2019-05-20 17:06:25,705 [Worker #9] INFO  Common.Logging.Log [(null)] <(null)> -  System.RuntimeMethodHandle.InvokeMethod: 延时任务
2019-05-20 17:06:25,707 [Worker #18] INFO  Common.Logging.Log [(null)] <(null)> -  System.RuntimeMethodHandle.InvokeMethod: 队列任务
2019-05-20 17:06:25,712 [Worker #14] INFO  Common.Logging.Log [(null)] <(null)> -  System.RuntimeMethodHandle.InvokeMethod: 延时任务
2019-05-20 17:06:26,640 [Worker #17] INFO  Common.Logging.Log [(null)] <(null)> -  System.RuntimeMethodHandle.InvokeMethod: 队列任务
2019-05-20 17:06:27,176 [ServerJobCancellationWatcher #1] DEBUG Hangfire.Server.ServerJobCancellationWatcher [(null)] <(null)> - Checking for aborted jobs...
2019-05-20 17:06:27,176 [ServerJobCancellationWatcher #1] DEBUG Hangfire.Server.ServerJobCancellationWatcher [(null)] <(null)> - No newly aborted jobs found.
2019-05-20 17:06:27,392 [Worker #19] INFO  Common.Logging.Log [(null)] <(null)> -  System.RuntimeMethodHandle.InvokeMethod: 延时任务
2019-05-20 17:06:27,476 [DelayedJobScheduler #1] DEBUG Hangfire.Server.DelayedJobScheduler [(null)] <(null)> - 1 scheduled job(s) enqueued.
2019-05-20 17:06:27,548 [Worker #16] INFO  Common.Logging.Log [(null)] <(null)> -  System.RuntimeMethodHandle.InvokeMethod: 队列任务
2019-05-20 17:09:47,338 [12] INFO  Common.Logging.Log [(null)] <(null)> -  Demos.Admin.Controllers.HomeController.Index: xxxx
2019-05-20 17:09:54,182 [5] ERROR Common.Logging.Log [(null)] <(null)> -  Demos.Admin.MvcApplication.Application_Error: 异常地址:/hangfire 错误信息:未找到路径“/hangfire”的控制器或该控制器未实现 IController。
2019-05-20 17:09:57,410 [12] ERROR Common.Logging.Log [(null)] <(null)> -  Demos.Admin.MvcApplication.Application_Error: 异常地址:/hangfire 错误信息:未找到路径“/hangfire”的控制器或该控制器未实现 IController。
2019-05-20 17:12:52,257 [10] INFO  Common.Logging.Log [(null)] <(null)> -  Demos.Admin.Controllers.HomeController.Index: xxxx
2019-05-20 17:12:56,407 [9] ERROR Common.Logging.Log [(null)] <(null)> -  Demos.Admin.MvcApplication.Application_Error: 异常地址:/hangfire 错误信息:未找到路径“/hangfire”的控制器或该控制器未实现 IController。
2019-05-20 17:12:57,507 [8] ERROR Common.Logging.Log [(null)] <(null)> -  Demos.Admin.MvcApplication.Application_Error: 异常地址:/hangfire 错误信息:未找到路径“/hangfire”的控制器或该控制器未实现 IController。
2019-05-20 17:12:59,090 [9] ERROR Common.Logging.Log [(null)] <(null)> -  Demos.Admin.MvcApplication.Application_Error: 异常地址:/hangfire 错误信息:未找到路径“/hangfire”的控制器或该控制器未实现 IController。
2019-05-20 17:12:59,888 [10] ERROR Common.Logging.Log [(null)] <(null)> -  Demos.Admin.MvcApplication.Application_Error: 异常地址:/hangfire 错误信息:未找到路径“/hangfire”的控制器或该控制器未实现 IController。
2019-05-20 17:14:22,586 [14] INFO  Common.Logging.Log [(null)] <(null)> -  Demos.Admin.Controllers.HomeController.Index: xxxx
2019-05-20 17:15:09,656 [10] INFO  Common.Logging.Log [(null)] <(null)> -  Demos.Admin.Controllers.HomeController.Index: xxxx
2019-05-20 17:24:58,772 [12] INFO  Common.Logging.Log [(null)] <(null)> -  Demos.Admin.Controllers.HomeController.Index: xxxx
2019-05-20 17:25:06,902 [12] ERROR Common.Logging.Log [(null)] <(null)> -  Demos.Admin.MvcApplication.Application_Error: 异常地址:/hangfire 错误信息:未找到路径“/hangfire”的控制器或该控制器未实现 IController。
2019-05-20 17:26:31,025 [Worker #4] INFO  Common.Logging.Log [(null)] <(null)> -  System.RuntimeMethodHandle.InvokeMethod: 队列任务
2019-05-20 17:26:31,206 [Worker #10] INFO  Common.Logging.Log [(null)] <(null)> -  System.RuntimeMethodHandle.InvokeMethod: 延时任务
2019-05-20 17:26:31,211 [Worker #9] ERROR Common.Logging.Log [(null)] <(null)> -  System.RuntimeMethodHandle.InvokeMethod: HangFire start
2019-05-20 17:26:31,218 [Worker #3] INFO  Common.Logging.Log [(null)] <(null)> -  System.RuntimeMethodHandle.InvokeMethod: 队列任务
2019-05-20 17:26:31,480 [Worker #17] INFO  Common.Logging.Log [(null)] <(null)> -  System.RuntimeMethodHandle.InvokeMethod: 延时任务
2019-05-20 17:26:32,163 [ServerJobCancellationWatcher #1] DEBUG Hangfire.Server.ServerJobCancellationWatcher [(null)] <(null)> - Checking for aborted jobs...
2019-05-20 17:26:32,173 [ServerJobCancellationWatcher #1] DEBUG Hangfire.Server.ServerJobCancellationWatcher [(null)] <(null)> - No newly aborted jobs found.
2019-05-20 17:26:32,234 [DelayedJobScheduler #1] DEBUG Hangfire.Server.DelayedJobScheduler [(null)] <(null)> - 1 scheduled job(s) enqueued.
2019-05-20 17:26:32,925 [Worker #18] INFO  Common.Logging.Log [(null)] <(null)> -  System.RuntimeMethodHandle.InvokeMethod: 延时任务
2019-05-20 17:29:53,584 [12] INFO  Common.Logging.Log [(null)] <(null)> -  Demos.Admin.Controllers.HomeController.Index: xxxx
2019-05-20 17:30:00,418 [11] ERROR Common.Logging.Log [(null)] <(null)> -  Demos.Admin.MvcApplication.Application_Error: 异常地址:/hangfire 错误信息:未找到路径“/hangfire”的控制器或该控制器未实现 IController。
2019-05-20 17:30:03,920 [12] INFO  Common.Logging.Log [(null)] <(null)> -  Demos.Admin.Controllers.HomeController.Index: xxxx
2019-05-20 17:30:24,224 [12] ERROR Common.Logging.Log [(null)] <(null)> -  Demos.Admin.MvcApplication.Application_Error: 异常地址:/hangfire 错误信息:未找到路径“/hangfire”的控制器或该控制器未实现 IController。
2019-05-20 17:30:59,083 [11] INFO  Common.Logging.Log [(null)] <(null)> -  Demos.Admin.Controllers.HomeController.Index: xxxx
2019-05-20 17:31:03,413 [3] ERROR Common.Logging.Log [(null)] <(null)> -  Demos.Admin.MvcApplication.Application_Error: 异常地址:/hangfire 错误信息:未找到路径“/hangfire”的控制器或该控制器未实现 IController。
2019-05-20 17:52:33,005 [Worker #8] INFO  Common.Logging.Log [(null)] <(null)> -  System.RuntimeMethodHandle.InvokeMethod: 延时任务
2019-05-20 17:52:33,006 [Worker #3] INFO  Common.Logging.Log [(null)] <(null)> -  System.RuntimeMethodHandle.InvokeMethod: 队列任务
2019-05-20 17:52:33,006 [Worker #4] INFO  Common.Logging.Log [(null)] <(null)> -  System.RuntimeMethodHandle.InvokeMethod: 队列任务
2019-05-20 17:52:33,076 [Worker #1] INFO  Common.Logging.Log [(null)] <(null)> -  System.RuntimeMethodHandle.InvokeMethod: 队列任务
2019-05-20 17:52:33,078 [Worker #17] INFO  Common.Logging.Log [(null)] <(null)> -  System.RuntimeMethodHandle.InvokeMethod: 延时任务
2019-05-20 17:52:34,474 [ServerJobCancellationWatcher #1] DEBUG Hangfire.Server.ServerJobCancellationWatcher [(null)] <(null)> - Checking for aborted jobs...
2019-05-20 17:52:34,475 [ServerJobCancellationWatcher #1] DEBUG Hangfire.Server.ServerJobCancellationWatcher [(null)] <(null)> - No newly aborted jobs found.
2019-05-20 17:53:36,624 [7] INFO  Common.Logging.Log [(null)] <(null)> -  Demos.Admin.Controllers.HomeController.Index: xxxx
2019-05-20 17:53:38,191 [7] INFO  Common.Logging.Log [(null)] <(null)> -  Demos.Admin.Controllers.HomeController.Index: xxxx
2019-05-20 17:53:55,018 [10] ERROR Common.Logging.Log [(null)] <(null)> -  Demos.Admin.MvcApplication.Application_Error: 异常地址:/hangfire 错误信息:未找到路径“/hangfire”的控制器或该控制器未实现 IController。
2019-05-20 17:56:41,507 [9] INFO  Common.Logging.Log [(null)] <(null)> -  Demos.Admin.Controllers.HomeController.Index: xxxx
2019-05-20 17:58:50,667 [9] ERROR Common.Logging.Log [(null)] <(null)> -  Demos.Admin.MvcApplication.Application_Error: 异常地址:/hangfire 错误信息:未找到路径“/hangfire”的控制器或该控制器未实现 IController。
2019-05-20 17:58:50,719 [8] INFO  Common.Logging.Log [(null)] <(null)> -  Demos.Admin.Controllers.HomeController.Index: xxxx
2019-05-20 18:07:20,197 [5] INFO  Common.Logging.Log [(null)] <(null)> -  Demos.Admin.Controllers.HomeController.Index: xxxx
2019-05-20 18:07:20,197 [7] INFO  Common.Logging.Log [(null)] <(null)> -  Demos.Admin.Controllers.HomeController.Index: xxxx
2019-05-20 18:07:31,383 [6] ERROR Common.Logging.Log [(null)] <(null)> -  Demos.Admin.MvcApplication.Application_Error: 异常地址:/hangfire 错误信息:未找到路径“/hangfire”的控制器或该控制器未实现 IController。
2019-05-20 18:09:00,653 [7] INFO  Common.Logging.Log [(null)] <(null)> -  Demos.Admin.Controllers.HomeController.Index: xxxx
2019-05-20 18:09:00,683 [7] ERROR Common.Logging.Log [(null)] <(null)> -  Demos.Admin.MvcApplication.Application_Error: 异常地址:/ 错误信息:JobStorage.Current property value has not been initialized. You must set it before using Hangfire Client or Server API.
2019-05-20 18:10:53,961 [10] INFO  Common.Logging.Log [(null)] <(null)> -  Demos.Admin.Controllers.HomeController.Index: xxxx
2019-05-20 18:11:31,368 [20] ERROR Common.Logging.Log [(null)] <(null)> -  Demos.Admin.MvcApplication.Application_Error: 异常地址:/hangfire 错误信息:未找到路径“/hangfire”的控制器或该控制器未实现 IController。
2019-05-20 18:11:36,828 [10] ERROR Common.Logging.Log [(null)] <(null)> -  Demos.Admin.MvcApplication.Application_Error: 异常地址:/ahangfire 错误信息:未找到路径“/ahangfire”的控制器或该控制器未实现 IController。
2019-05-20 18:11:40,456 [10] ERROR Common.Logging.Log [(null)] <(null)> -  Demos.Admin.MvcApplication.Application_Error: 异常地址:/hangfire 错误信息:未找到路径“/hangfire”的控制器或该控制器未实现 IController。
2019-05-20 18:11:58,512 [12] ERROR Common.Logging.Log [(null)] <(null)> -  Demos.Admin.MvcApplication.Application_Error: 异常地址:/hangfire 错误信息:未找到路径“/hangfire”的控制器或该控制器未实现 IController。
2019-05-20 18:11:59,749 [10] ERROR Common.Logging.Log [(null)] <(null)> -  Demos.Admin.MvcApplication.Application_Error: 异常地址:/hangfire 错误信息:未找到路径“/hangfire”的控制器或该控制器未实现 IController。
2019-05-20 18:17:18,037 [11] ERROR Common.Logging.Log [(null)] <(null)> -  Demos.Admin.MvcApplication.Application_Error: 异常地址:/hangfire 错误信息:未找到路径“/hangfire”的控制器或该控制器未实现 IController。
2019-05-20 18:17:32,079 [11] ERROR Common.Logging.Log [(null)] <(null)> -  Demos.Admin.MvcApplication.Application_Error: 异常地址:/hangfire 错误信息:未找到路径“/hangfire”的控制器或该控制器未实现 IController。
2019-05-20 18:17:38,788 [13] ERROR Common.Logging.Log [(null)] <(null)> -  Demos.Admin.MvcApplication.Application_Error: 异常地址:/hangfire 错误信息:未找到路径“/hangfire”的控制器或该控制器未实现 IController。
2019-05-20 18:22:45,500 [13] ERROR Common.Logging.Log [(null)] <(null)> -  Demos.Admin.MvcApplication.Application_Error: 异常地址:/hangfire 错误信息:未找到路径“/hangfire”的控制器或该控制器未实现 IController。
